<?xml version="1.0" encoding="UTF-8"?>
<!-- Generated by org.testng.reporters.JUnitReportReporter -->
<testsuite hostname="deepika-laptop" failures="0" tests="1" name="maven.project.AppTest" time="0.005" errors="0" timestamp="10 Feb 2022 16:56:03 GMT" skipped="0">
  <testcase classname="maven.project.AppTest" name="tst" time="0.005"/>
</testsuite> <!-- maven.project.AppTest -->
