<?xml version="1.0" encoding="UTF-8"?>
<!-- Generated by org.testng.reporters.JUnitReportReporter -->
<testsuite hostname="deepika-laptop" failures="0" tests="3" name="maven.project.ParameterizationPractice2" time="0.005" errors="0" timestamp="21 Feb 2022 09:56:45 GMT" skipped="0">
  <testcase classname="maven.project.ParameterizationPractice2" name="test2" time="0.001"/>
  <testcase classname="maven.project.ParameterizationPractice2" name="test1" time="0.004"/>
  <testcase classname="maven.project.ParameterizationPractice2" name="test2" time="0.000"/>
</testsuite> <!-- maven.project.ParameterizationPractice2 -->
