<?xml version="1.0" encoding="UTF-8"?>
<!-- Generated by org.testng.reporters.JUnitReportReporter -->
<testsuite hostname="deepika-laptop" failures="0" tests="2" name="maven.project.example1Test" time="0.424" errors="0" timestamp="11 Feb 2022 17:24:25 GMT" skipped="0">
  <testcase classname="maven.project.example1Test" name="test1" time="0.262"/>
  <testcase classname="maven.project.example1Test" name="EReports" time="0.162"/>
</testsuite> <!-- maven.project.example1Test -->
