<?xml version="1.0" encoding="UTF-8"?>
<!-- Generated by org.testng.reporters.JUnitReportReporter -->
<testsuite hostname="deepika-laptop" failures="0" tests="1" name="maven.project.exmple2Test" time="0.000" errors="0" timestamp="08 Feb 2022 22:53:01 GMT" skipped="0">
  <testcase classname="maven.project.exmple2Test" name="test2" time="0.000"/>
</testsuite> <!-- maven.project.exmple2Test -->
