<?xml version="1.0" encoding="UTF-8"?>
<!-- Generated by org.testng.reporters.JUnitReportReporter -->
<testsuite hostname="deepika-laptop" failures="0" tests="1" name="maven.project.example3Test" time="0.075" errors="0" timestamp="11 Feb 2022 17:24:25 GMT" skipped="0">
  <testcase classname="maven.project.example3Test" name="radioButtonClick" time="0.075"/>
</testsuite> <!-- maven.project.example3Test -->
