<?xml version="1.0" encoding="UTF-8"?>
<!-- Generated by org.testng.reporters.JUnitReportReporter -->
<testsuite hostname="deepika-laptop" failures="0" tests="1" name="maven.Home.validateTitleLandingPage" time="0.001" errors="0" timestamp="28 Mar 2022 18:38:41 GMT" skipped="0">
  <testcase classname="maven.Home.validateTitleLandingPage" name="validateTitle" time="0.001"/>
</testsuite> <!-- maven.Home.validateTitleLandingPage -->
