<?xml version="1.0" encoding="UTF-8"?>
<!-- Generated by org.testng.reporters.JUnitReportReporter -->
<testsuite hostname="deepika-laptop" failures="0" tests="2" name="maven.Home.RedbusTest1" time="8.730" errors="0" timestamp="28 Mar 2022 09:47:22 GMT" skipped="1">
  <testcase classname="maven.Home.RedbusTest1" name="drop" time="8.730"/>
  <testcase classname="maven.Home.RedbusTest1" name="dropdown">
    <skipped/>
  </testcase> <!-- dropdown -->
</testsuite> <!-- maven.Home.RedbusTest1 -->
