<?xml version="1.0" encoding="UTF-8"?>
<!-- Generated by org.testng.reporters.JUnitReportReporter -->
<testsuite hostname="deepika-laptop" failures="0" tests="1" name="maven.project.SslCertificatiion" time="8.873" errors="0" timestamp="03 Mar 2022 12:06:24 GMT" skipped="0">
  <testcase classname="maven.project.SslCertificatiion" name="http" time="8.873"/>
</testsuite> <!-- maven.project.SslCertificatiion -->
