<?xml version="1.0" encoding="UTF-8"?>
<!-- Generated by org.testng.reporters.JUnitReportReporter -->
<testsuite hostname="deepika-laptop" failures="0" tests="1" name="maven.project.ExcelPractice" time="0.737" errors="0" timestamp="02 Mar 2022 11:49:17 GMT" skipped="0">
  <testcase classname="maven.project.ExcelPractice" name="excel" time="0.737"/>
</testsuite> <!-- maven.project.ExcelPractice -->
