<?xml version="1.0" encoding="UTF-8"?>
<!-- Generated by org.testng.reporters.JUnitReportReporter -->
<testsuite hostname="deepika-laptop" failures="0" tests="2" name="maven.project.Parameterization" time="3.208" errors="0" timestamp="15 Feb 2022 17:51:30 GMT" skipped="0">
  <testcase classname="maven.project.Parameterization" name="method1" time="3.207"/>
  <testcase classname="maven.project.Parameterization" name="method3" time="0.001"/>
</testsuite> <!-- maven.project.Parameterization -->
