<?xml version="1.0" encoding="UTF-8"?>
<!-- Generated by org.testng.reporters.JUnitReportReporter -->
<testsuite hostname="deepika-laptop" failures="0" tests="1" name="maven.project.GripPractice2" time="7.336" errors="0" timestamp="07 Mar 2022 09:38:50 GMT" skipped="0">
  <testcase classname="maven.project.GripPractice2" name="test1" time="7.336"/>
</testsuite> <!-- maven.project.GripPractice2 -->
