<?xml version="1.0" encoding="UTF-8"?>
<!-- Generated by org.testng.reporters.JUnitReportReporter -->
<testsuite hostname="deepika-laptop" failures="0" tests="1" name="maven.project.EReports" time="0.013" errors="0" timestamp="14 Mar 2022 09:16:47 GMT" skipped="0">
  <testcase classname="maven.project.EReports" name="arrayLi" time="0.013"/>
</testsuite> <!-- maven.project.EReports -->
