<?xml version="1.0" encoding="UTF-8"?>
<!-- Generated by org.testng.reporters.JUnitReportReporter -->
<testsuite hostname="deepika-laptop" failures="0" tests="1" name="maven.project.DataDriven" time="0.506" errors="0" timestamp="05 Mar 2022 19:12:50 GMT" skipped="0">
  <testcase classname="maven.project.DataDriven" name="dataRetrieval" time="0.506"/>
</testsuite> <!-- maven.project.DataDriven -->
