<?xml version="1.0" encoding="UTF-8"?>
<!-- Generated by org.testng.reporters.JUnitReportReporter -->
<testsuite hostname="deepika-laptop" failures="0" tests="1" name="maven.project.ExcelSheet" time="0.534" errors="0" timestamp="26 Feb 2022 18:17:38 GMT" skipped="0">
  <testcase classname="maven.project.ExcelSheet" name="dataRetrieval" time="0.534"/>
</testsuite> <!-- maven.project.ExcelSheet -->
