<?xml version="1.0" encoding="UTF-8"?>
<!-- Generated by org.testng.reporters.JUnitReportReporter -->
<testsuite hostname="deepika-laptop" failures="0" tests="1" name="maven.project.ActionPractice" time="5.840" errors="0" timestamp="03 Apr 2022 17:07:58 GMT" skipped="0">
  <testcase classname="maven.project.ActionPractice" name="amazon" time="5.840"/>
</testsuite> <!-- maven.project.ActionPractice -->
