<?xml version="1.0" encoding="UTF-8"?>
<!-- Generated by org.testng.reporters.JUnitReportReporter -->
<testsuite hostname="deepika-laptop" failures="0" tests="2" name="maven.project.CheckboxPractice" time="6.800" errors="0" timestamp="22 Feb 2022 18:40:25 GMT" skipped="0">
  <testcase classname="maven.project.CheckboxPractice" name="checkbox" time="6.100"/>
  <testcase classname="maven.project.CheckboxPractice" name="dropdown" time="0.700"/>
</testsuite> <!-- maven.project.CheckboxPractice -->
