<?xml version="1.0" encoding="UTF-8"?>
<!-- Generated by org.testng.reporters.JUnitReportReporter -->
<testsuite hostname="deepika-laptop" failures="0" tests="3" name="maven.project.example1Test" time="0.013" errors="0" timestamp="21 Feb 2022 10:11:46 GMT" skipped="2">
  <testcase classname="maven.project.example1Test" name="propFile" time="0.013"/>
  <testcase classname="maven.project.example1Test" name="test2">
    <skipped/>
  </testcase> <!-- test2 -->
  <testcase classname="maven.project.example1Test" name="usingActions">
    <skipped/>
  </testcase> <!-- usingActions -->
</testsuite> <!-- maven.project.example1Test -->
