<?xml version="1.0" encoding="UTF-8"?>
<!-- Generated by org.testng.reporters.JUnitReportReporter -->
<testsuite hostname="deepika-laptop" failures="0" tests="4" name="maven.project.ParameterizationPractice" time="0.003" errors="0" timestamp="15 Feb 2022 17:51:30 GMT" skipped="0">
  <testcase classname="maven.project.ParameterizationPractice" name="propertiesPractice" time="0.001"/>
  <testcase classname="maven.project.ParameterizationPractice" name="method1" time="0.001"/>
  <testcase classname="maven.project.ParameterizationPractice" name="method2" time="0.001"/>
  <testcase classname="maven.project.ParameterizationPractice" name="method2" time="0.000"/>
</testsuite> <!-- maven.project.ParameterizationPractice -->
