<?xml version="1.0" encoding="UTF-8"?>
<!-- Generated by org.testng.reporters.JUnitReportReporter -->
<testsuite hostname="deepika-laptop" failures="0" tests="2" name="maven.project.ParameterizationPractice2" time="6.161" errors="0" timestamp="22 Feb 2022 12:04:40 GMT" skipped="0">
  <testcase classname="maven.project.ParameterizationPractice2" name="test5" time="5.987"/>
  <testcase classname="maven.project.ParameterizationPractice2" name="reportsPractice" time="0.174"/>
</testsuite> <!-- maven.project.ParameterizationPractice2 -->
